<?xml version="1.0" encoding="UTF-8"?>
<!-- Generated by org.testng.reporters.JUnitReportReporter -->
<testsuite skipped="0" hostname="Admin-PC" name="com.crm.qa.testcases.homePageTest" tests="2" failures="0" timestamp="05 Apr 2020 04:45:47 GMT" time="40.052" errors="0">
  <testcase name="fillformTest" time="18.813" classname="com.crm.qa.testcases.homePageTest"/>
  <testcase name="fillformTest2" time="21.239" classname="com.crm.qa.testcases.homePageTest"/>
</testsuite> <!-- com.crm.qa.testcases.homePageTest -->
