<?xml version="1.0" encoding="UTF-8"?>
<!-- Generated by org.testng.reporters.JUnitReportReporter -->
<testsuite skipped="0" hostname="Admin-PC" name="com.crm.qa.testcases.homePageTest" tests="1" failures="0" timestamp="06 Apr 2020 09:18:28 GMT" time="34.255" errors="0">
  <testcase name="deleteAllEntries" time="34.255" classname="com.crm.qa.testcases.homePageTest"/>
</testsuite> <!-- com.crm.qa.testcases.homePageTest -->
