<?xml version="1.0" encoding="UTF-8"?>
<!-- Generated by org.testng.reporters.JUnitReportReporter -->
<testsuite skipped="0" hostname="Admin-PC" name="com.crm.qa.testcases.documentsPageTest" tests="1" failures="0" timestamp="25 Apr 2020 06:46:53 GMT" time="52.144" errors="0">
  <testcase name="docsPageTest" time="52.144" classname="com.crm.qa.testcases.documentsPageTest"/>
</testsuite> <!-- com.crm.qa.testcases.documentsPageTest -->
