<?xml version="1.0" encoding="UTF-8"?>
<!-- Generated by org.testng.reporters.JUnitReportReporter -->
<testsuite skipped="0" hostname="Admin-PC" name="com.crm.qa.testcases.contactsPageTest" tests="1" failures="0" timestamp="03 Apr 2020 07:08:08 GMT" time="49.541" errors="0">
  <testcase name="fillcontactformTest" time="49.541" classname="com.crm.qa.testcases.contactsPageTest"/>
</testsuite> <!-- com.crm.qa.testcases.contactsPageTest -->
