<?xml version="1.0" encoding="UTF-8"?>
<!-- Generated by org.testng.reporters.JUnitReportReporter -->
<testsuite skipped="0" hostname="Admin-PC" name="com.crm.qa.testcases.companiesTest" tests="2" failures="0" timestamp="22 Apr 2020 05:05:58 GMT" time="113.289" errors="0">
  <testcase name="createAddCompany" time="57.817" classname="com.crm.qa.testcases.companiesTest"/>
  <testcase name="deleteAllCreatedCompanies" time="55.472" classname="com.crm.qa.testcases.companiesTest"/>
</testsuite> <!-- com.crm.qa.testcases.companiesTest -->
