<?xml version="1.0" encoding="UTF-8"?>
<!-- Generated by org.testng.reporters.JUnitReportReporter -->
<testsuite skipped="0" hostname="Admin-PC" name="com.crm.qa.testcases.loginTest" tests="2" failures="0" timestamp="18 Apr 2020 11:34:55 GMT" time="44.950" errors="0">
  <testcase name="loginPageTitleTest" time="20.871" classname="com.crm.qa.testcases.loginTest"/>
  <testcase name="loginpageLoginActionTest" time="24.079" classname="com.crm.qa.testcases.loginTest"/>
</testsuite> <!-- com.crm.qa.testcases.loginTest -->
