<?xml version="1.0" encoding="UTF-8"?>
<!-- Generated by org.testng.reporters.JUnitReportReporter -->
<testsuite skipped="0" hostname="Admin-PC" name="com.crm.qa.testcases.loginTest" tests="2" failures="0" timestamp="05 Apr 2020 09:45:00 GMT" time="47.751" errors="0">
  <testcase name="loginPageTitleTest" time="21.363" classname="com.crm.qa.testcases.loginTest"/>
  <testcase name="loginpageLoginActionTest" time="26.388" classname="com.crm.qa.testcases.loginTest"/>
</testsuite> <!-- com.crm.qa.testcases.loginTest -->
