<?xml version="1.0" encoding="UTF-8"?>
<!-- Generated by org.testng.reporters.JUnitReportReporter -->
<testsuite skipped="0" hostname="Admin-PC" name="com.crm.qa.testcases.homePageTest" tests="2" failures="0" timestamp="05 Apr 2020 08:43:13 GMT" time="109.753" errors="0">
  <testcase name="fillformTest" time="87.671" classname="com.crm.qa.testcases.homePageTest"/>
  <testcase name="fillformTest2" time="22.082" classname="com.crm.qa.testcases.homePageTest"/>
</testsuite> <!-- com.crm.qa.testcases.homePageTest -->
